# JRE version: Java(TM) SE Runtime Environment (8.0_111-b14) (build 1.8.0_111-b14)
# Java VM: Java HotSpot(TM) Client VM (25.111-b14 mixed mode windows-x86 )
Heap:
 def new generation   total 157248K, used 103147K [0x09000000, 0x13aa0000, 0x13aa0000)
  eden space 139776K,  73% used [0x09000000, 0x0f4bac48, 0x11880000)
  from space 17472K,   0% used [0x12990000, 0x12990000, 0x13aa0000)
  to   space 17472K,   0% used [0x11880000, 0x11880000, 0x12990000)
 tenured generation   total 349568K, used 349567K [0x13aa0000, 0x29000000, 0x29000000)
   the space 349568K,  99% used [0x13aa0000, 0x28ffff98, 0x29000000, 0x29000000)
 Metaspace       used 20597K, capacity 21063K, committed 21376K, reserved 21888K
GC Heap History (10 events):
Event: 501.384 GC heap before
{Heap before GC invocations=53 (full 5):
 def new generation   total 110144K, used 97920K [0x09000000, 0x10780000, 0x13aa0000)
  eden space 97920K, 100% used [0x09000000, 0x0efa0000, 0x0efa0000)
  from space 12224K,   0% used [0x0efa0000, 0x0efa0000, 0x0fb90000)
  to   space 12224K,   0% used [0x0fb90000, 0x0fb90000, 0x10780000)
 tenured generation   total 244576K, used 146743K [0x13aa0000, 0x22978000, 0x29000000)
   the space 244576K,  59% used [0x13aa0000, 0x1c9ede68, 0x1c9ee000, 0x22978000)
 Metaspace       used 20439K, capacity 20903K, committed 21120K, reserved 21888K
Event: 501.531 GC heap after
Heap after GC invocations=54 (full 5):
 def new generation   total 110144K, used 12224K [0x09000000, 0x10780000, 0x13aa0000)
  eden space 97920K,   0% used [0x09000000, 0x09000000, 0x0efa0000)
  from space 12224K, 100% used [0x0fb90000, 0x10780000, 0x10780000)
  to   space 12224K,   0% used [0x0efa0000, 0x0efa0000, 0x0fb90000)
 tenured generation   total 244576K, used 222796K [0x13aa0000, 0x22978000, 0x29000000)
   the space 244576K,  91% used [0x13aa0000, 0x21433240, 0x21433400, 0x22978000)
 Metaspace       used 20439K, capacity 20903K, committed 21120K, reserved 21888K
}
Event: 502.912 GC heap before
{Heap before GC invocations=54 (full 5):
 def new generation   total 110144K, used 110144K [0x09000000, 0x10780000, 0x13aa0000)
  eden space 97920K, 100% used [0x09000000, 0x0efa0000, 0x0efa0000)
  from space 12224K, 100% used [0x0fb90000, 0x10780000, 0x10780000)
  to   space 12224K,   0% used [0x0efa0000, 0x0efa0000, 0x0fb90000)
 tenured generation   total 244576K, used 222796K [0x13aa0000, 0x22978000, 0x29000000)
   the space 244576K,  91% used [0x13aa0000, 0x21433240, 0x21433400, 0x22978000)
 Metaspace       used 20597K, capacity 21063K, committed 21376K, reserved 21888K
Event: 503.424 GC heap after
Heap after GC invocations=55 (full 6):
 def new generation   total 157248K, used 4868K [0x09000000, 0x13aa0000, 0x13aa0000)
  eden space 139776K,   3% used [0x09000000, 0x094c1198, 0x11880000)
  from space 17472K,   0% used [0x11880000, 0x11880000, 0x12990000)
  to   space 17472K,   0% used [0x12990000, 0x12990000, 0x13aa0000)
 tenured generation   total 349568K, used 275807K [0x13aa0000, 0x29000000, 0x29000000)
   the space 349568K,  78% used [0x13aa0000, 0x247f7ff0, 0x247f8000, 0x29000000)
 Metaspace       used 20597K, capacity 21063K, committed 21376K, reserved 21888K
}
Event: 505.662 GC heap before
{Heap before GC invocations=55 (full 6):
 def new generation   total 157248K, used 139776K [0x09000000, 0x13aa0000, 0x13aa0000)
  eden space 139776K, 100% used [0x09000000, 0x11880000, 0x11880000)
  from space 17472K,   0% used [0x11880000, 0x11880000, 0x12990000)
  to   space 17472K,   0% used [0x12990000, 0x12990000, 0x13aa0000)
 tenured generation   total 349568K, used 275807K [0x13aa0000, 0x29000000, 0x29000000)
   the space 349568K,  78% used [0x13aa0000, 0x247f7ff0, 0x247f8000, 0x29000000)
 Metaspace       used 20597K, capacity 21063K, committed 21376K, reserved 21888K
Event: 505.952 GC heap after
Heap after GC invocations=56 (full 6):
 def new generation   total 157248K, used 17471K [0x09000000, 0x13aa0000, 0x13aa0000)
  eden space 139776K,   0% used [0x09000000, 0x09000000, 0x11880000)
  from space 17472K,  99% used [0x12990000, 0x13a9fff8, 0x13aa0000)
  to   space 17472K,   0% used [0x11880000, 0x11880000, 0x12990000)
 tenured generation   total 349568K, used 326359K [0x13aa0000, 0x29000000, 0x29000000)
   the space 349568K,  93% used [0x13aa0000, 0x27955e50, 0x27956000, 0x29000000)
 Metaspace       used 20597K, capacity 21063K, committed 21376K, reserved 21888K
}
Event: 508.827 GC heap before
{Heap before GC invocations=56 (full 6):
 def new generation   total 157248K, used 157247K [0x09000000, 0x13aa0000, 0x13aa0000)
  eden space 139776K, 100% used [0x09000000, 0x11880000, 0x11880000)
  from space 17472K,  99% used [0x12990000, 0x13a9fff8, 0x13aa0000)
  to   space 17472K,   0% used [0x11880000, 0x11880000, 0x12990000)
 tenured generation   total 349568K, used 326359K [0x13aa0000, 0x29000000, 0x29000000)
   the space 349568K,  93% used [0x13aa0000, 0x27955e50, 0x27956000, 0x29000000)
 Metaspace       used 20597K, capacity 21063K, committed 21376K, reserved 21888K
Event: 509.459 GC heap after
Heap after GC invocations=57 (full 7):
 def new generation   total 157248K, used 57005K [0x09000000, 0x13aa0000, 0x13aa0000)
  eden space 139776K,  40% used [0x09000000, 0x0c7ab538, 0x11880000)
  from space 17472K,   0% used [0x12990000, 0x12990000, 0x13aa0000)
  to   space 17472K,   0% used [0x11880000, 0x11880000, 0x12990000)
 tenured generation   total 349568K, used 349567K [0x13aa0000, 0x29000000, 0x29000000)
   the space 349568K,  99% used [0x13aa0000, 0x28fffe78, 0x29000000, 0x29000000)
 Metaspace       used 20597K, capacity 21063K, committed 21376K, reserved 21888K
}
Event: 511.370 GC heap before
{Heap before GC invocations=57 (full 7):
 def new generation   total 157248K, used 157248K [0x09000000, 0x13aa0000, 0x13aa0000)
  eden space 139776K, 100% used [0x09000000, 0x11880000, 0x11880000)
  from space 17472K, 100% used [0x12990000, 0x13aa0000, 0x13aa0000)
  to   space 17472K,   0% used [0x11880000, 0x11880000, 0x12990000)
 tenured generation   total 349568K, used 349567K [0x13aa0000, 0x29000000, 0x29000000)
   the space 349568K,  99% used [0x13aa0000, 0x28ffffe8, 0x29000000, 0x29000000)
 Metaspace       used 20597K, capacity 21063K, committed 21376K, reserved 21888K
Event: 512.388 GC heap after
Heap after GC invocations=58 (full 8):
 def new generation   total 157248K, used 91224K [0x09000000, 0x13aa0000, 0x13aa0000)
  eden space 139776K,  65% used [0x09000000, 0x0e916000, 0x11880000)
  from space 17472K,   0% used [0x12990000, 0x12990000, 0x13aa0000)
  to   space 17472K,   0% used [0x11880000, 0x11880000, 0x12990000)
 tenured generation   total 349568K, used 349567K [0x13aa0000, 0x29000000, 0x29000000)
   the space 349568K,  99% used [0x13aa0000, 0x28ffff98, 0x29000000, 0x29000000)
 Metaspace       used 20597K, capacity 21063K, committed 21376K, reserved 21888K
}

